

El NOMBRE TOTAL DE FOSSES ES IDENTIC: 1011

 FOSSA ID: (94)
(Matar\303\263)
(Maresme)
(Pla dels Panteons. Cementiri de Matar\303\263)

/:version
(rv-kkaz~yn28_77pd)
(rv-6n2r.pkvj~8mfy)

/:updated_at
(2026-03-03T09:18:54.311Z)
(2026-02-25T09:03:52.566Z)





 FOSSA ID: (526)
(Matar\303\263)
(Maresme)
(Esplanada superior. Cementiri de Matar\303\263)

/:version
(rv-55qr.g9zt~axwa)
(rv-kiim.57h7~zak2)

/:updated_at
(2026-03-03T09:18:56.411Z)
(2026-02-25T09:03:53.646Z)





 FOSSA ID: (521)
(Matar\303\263)
(Maresme)
(Fossa dels rebels italians. Cementiri dels Caputxins de Matar\303\263)

/:version
(rv-y9qq-xgei.3e3q)
(rv-i8ha-g4uu_ngp7)

/:updated_at
(2026-03-03T09:18:55.962Z)
(2026-02-25T09:03:53.176Z)




