

El NOMBRE TOTAL DE FOSSES ES IDENTIC: 1010

 FOSSA ID: (372)
(Olesa de Bonesvalls)
(Alt Pened\303\250s)
(Torrent dels Albans \(II\))

/x
(1.832456)
(1.832456000000)

/:version
(rv-ywtd.2rcn~t5x6)
(rv-rhub_3g48~nkxf)

/:updated_at
(2026-01-19T09:16:46.969Z)
(2025-02-18T09:04:21.047Z)

/y
(41.367267)
(41.367267000000)





 FOSSA ID: (218)
(Subirats)
(Alt Pened\303\250s)
(Pla dels Taps)

/x
(1.829083)
(1.829083000000)

/:version
(rv-743v-km36.tqwv)
(rv-wmdu.xxwa-mhzr)

/:updated_at
(2026-01-19T09:16:45.506Z)
(2025-02-18T09:03:10.807Z)

/y
(41.369998)
(41.369998000000)





 FOSSA ID: (219)
(Olesa de Bonesvalls)
(Alt Pened\303\250s)
(Torrent dels Albans \(I\))

/x
(1.832482)
(1.832482000000)

/:version
(rv-ivrq.fswq_jwt6)
(rv-k7n8_rv6h~sjfc)

/:updated_at
(2026-01-19T09:16:46.003Z)
(2025-02-18T09:03:11.280Z)

/y
(41.367834)
(41.367834000000)





 FOSSA ID: (371)
(Olesa de Bonesvalls)
(Alt Pened\303\250s)
(Tartera del torrent dels Albans)

/x
(1.832343)
(1.832343000000)

/:version
(rv-q5ic-s9q8~wk36)
(rv-shay-44p6-9sbv)

/:updated_at
(2026-01-19T09:16:46.564Z)
(2025-02-18T09:04:20.633Z)

/y
(41.368265)
(41.368265000000)





 FOSSA ID: (15)
(Cambrils)
(Baix Camp)
(Cementiri de Cambrils. Fossa de Hospital Militar de l\342\200\231Ex\303\250rcit Popular de la Rep\303\272blica)

/:version
(rv-r8vh.axve~4829)
(rv-zjfw.p3pt-7sh7)

/:updated_at
(2026-01-20T06:38:45.619Z)
(2026-01-07T14:15:58.529Z)




