

El NOMBRE TOTAL DE FOSSES ES IDENTIC: 1011

 FOSSA ID: (889)
null
null
(Cementiri de Castellfollit de la Roca. Traslladada a Cuelgamuros)

/municipi
null
(Castellfollit de la Roca)

/pa_s
null
(Espanya)

/:version
(rv-amff_dvn3-9eiq)
(rv-4228~cp7x~ga4q)

/comunitat_aut_noma
null
(Catalunya)

/:updated_at
(2026-02-19T12:54:44.440Z)
(2025-02-18T09:08:18.452Z)

/prov_ncia
null
(Girona)

/comarca
null
(Garrotxa)

/titol
(Cementiri de Castellfollit de la Roca. Traslladada a Cuelgamuros)
(Cementiri de Castellfollit de la Roca. Traslladada al Valle de los Ca\303\255dos)




