

El NOMBRE TOTAL DE FOSSES ES IDENTIC: 1011

 FOSSA ID: (94)
(Matar\303\263)
(Maresme)
(Pla dels Panteons. Cementiri de Matar\303\263)

/:version
(rv-6n2r.pkvj~8mfy)
(rv-crdd_xpng~ugq2)

/:updated_at
(2026-02-25T09:03:52.566Z)
(2025-03-12T10:13:58.313Z)

/titol
(Pla dels Panteons. Cementiri de Matar\303\263)
(Pla dels Panteons - Cementiri de Matar\303\263)

/mida
(61)
(52)





 FOSSA ID: (521)
(Matar\303\263)
(Maresme)
(Fossa dels rebels italians. Cementiri dels Caputxins de Matar\303\263)

/:version
(rv-i8ha-g4uu_ngp7)
(rv-qihx_rrr7~vk9n)

/:updated_at
(2026-02-25T09:03:53.176Z)
(2025-03-12T10:14:04.056Z)

/titol
(Fossa dels rebels italians. Cementiri dels Caputxins de Matar\303\263)
(Fossa dels rebels italians - Cementiri de Matar\303\263)

/mida
(84)
(80)





 FOSSA ID: (526)
(Matar\303\263)
(Maresme)
(Esplanada superior. Cementiri de Matar\303\263)

/:version
(rv-kiim.57h7~zak2)
(rv-bihw_yqwv-sqgd)

/:updated_at
(2026-02-25T09:03:53.646Z)
(2025-03-12T10:14:04.443Z)

/titol
(Esplanada superior. Cementiri de Matar\303\263)
(Esplanada superior - Cementiri de Matar\303\263)

/mida
(135)
(134)




