

El NOMBRE TOTAL DE FOSSES ES IDENTIC: 1011

!!! NOVA fossa ID: (754)
(Corbera d'Ebre)
(Terra Alta)
(Mas d\342\200\231en Grau - Comes d'en Bonet)
(Excavada)



 FOSSA ID: (892)
(Fontanals de Cerdanya)
(Cerdanya \(Girona\))
(Cementiri de Queixans. Traslladada al Valle de los Ca\303\255dos)

/x
(1.9219207763671877)
null

/:version
(rv-zbxp.ai6p_4sa5)
(rv-yx8a-jncw~vi8w)

/:updated_at
(2026-03-04T06:45:40.037Z)
(2025-02-18T09:08:19.976Z)

/:@computed_region_wvic_k925
(4)
null

/y
(42.39843484650511)
null

/:@computed_region_bh64_c7uy
(376)
null





 FOSSA ID: (889)
(Castellfollit de la Roca)
(Garrotxa)
(Cementiri de Castellfollit de la Roca. Traslladada a Cuelgamuros)

/pa_s
(Espanya)
null

/x
(2.539662)
null

/:version
(rv-b827_kxvc.yqxn)
(rv-amff_dvn3-9eiq)

/comunitat_aut_noma
(Catalunya)
null

/:updated_at
(2026-03-04T06:45:38.488Z)
(2026-02-19T12:54:44.440Z)

/:@computed_region_wvic_k925
(10)
null

/y
(42.218563)
null

/prov_ncia
(Girona)
null

/:@computed_region_bh64_c7uy
(276)
null





 FOSSA ID: (877)
(Barcelona)
(Barcelon\303\250s)
(Cementiri de Barcelona \(sense determinar\). Traslladada al Valle de los Ca\303\255dos.)

/x
(2.169932)
null

/:version
(rv-8u3s-922r_vcm4)
(rv-veme~vvw4_ti76)

/:updated_at
(2026-03-04T06:45:38.488Z)
(2025-02-18T09:08:12.382Z)

/:@computed_region_wvic_k925
(29)
null

/y
(41.387089)
null

/:@computed_region_bh64_c7uy
(512)
null





 FOSSA ID: (908)
(Toses)
(Ripoll\303\250s)
(Cementiri de Toses. Traslladada al Valle de los Ca\303\255dos)

/x
(2.018845081329346)
null

/:version
(rv-rzus~ifjw.7ueg)
(rv-9uzp.e74p-73p8)

/:updated_at
(2026-03-04T06:45:40.746Z)
(2025-02-18T09:08:28.375Z)

/:@computed_region_wvic_k925
(7)
null

/y
(42.32324648765679)
null

/:@computed_region_bh64_c7uy
(437)
null





 FOSSA ID: (912)
(Lleida)
(Segri\303\240)
(Cementiri de Lleida. Departament de Sant Josep i Sant Miquel. Traslladada al Valle de Cuelgamuros)

/x
(0.651837)
null

/:version
(rv-yb32_q8ty~qnve)
(rv-5msn.vu57-6es5)

/:updated_at
(2026-03-04T06:45:41.507Z)
(2025-02-18T09:08:30.257Z)

/:@computed_region_wvic_k925
(21)
null

/y
(41.613153)
null

/:@computed_region_bh64_c7uy
(875)
null

/titol
(Cementiri de Lleida. Departament de Sant Josep i Sant Miquel. Traslladada al Valle de Cuelgamuros)
(Cementiri de Lleida. Departament de Sant Josep i Sant Miquel. Traslladada al Valle de los Ca\303\255dos)





 FOSSA ID: (931)
(Horta de Sant Joan)
(Terra Alta)
(Cementiri d'Horta de Sant Joan. Traslladada al Valle de los Ca\303\255dos.)

/:version
(rv-wf98.gvsg-u8mf)
(rv-dyua_xwpf.v8i4)

/:updated_at
(2026-03-03T13:57:36.186Z)
(2025-02-18T09:08:38.155Z)





 FOSSA ID: (934)
(Vilalba dels Arcs)
(Terra Alta)
(Cementiri de Vilalba dels Arcs. Traslladada al Valle de los Ca\303\255dos.)

/x
(0.415145)
null

/:version
(rv-y5rw-7nzg.ywk2)
(rv-irc5~qr2x.5gp5)

/:updated_at
(2026-03-04T06:45:41.507Z)
(2025-02-18T09:08:39.024Z)

/:@computed_region_wvic_k925
(38)
null

/y
(41.121603)
null

/:@computed_region_bh64_c7uy
(459)
null





 FOSSA ID: (990)
(Santa Coloma de Farners)
(Selva)
(Cementiri de Santa Coloma de Farners)

/x
(2.657355)
null

/:version
(rv-i3qt-qmhn_7jjn)
(rv-8an7-ygfd~pxqy)

/:updated_at
(2026-03-04T06:45:43.485Z)
(2025-02-18T09:09:05.955Z)

/:@computed_region_wvic_k925
(20)
null

/y
(41.865803)
null

/:@computed_region_bh64_c7uy
(634)
null





 FOSSA ID: (1019)
(La Seu d'Urgell)
(Alt Urgell)
(Cementiri de la Seu d'Urgell. Inhumats en n\303\255nxols)

/x
(1.466864)
null

/:version
(rv-wfpd~8aq8_3f5v)
(rv-i2sv~5yky_u53z)

/:updated_at
(2026-03-04T06:45:43.485Z)
(2025-02-18T09:09:20.940Z)

/:@computed_region_wvic_k925
(5)
null

/y
(42.360956)
null

/:@computed_region_bh64_c7uy
(387)
null





 >>> NOMBRE DE FOSSES QUE S'HAN AFEGIT AL DATASET MES NOU... 1

 >>> AL DATASET MES NOU HAN DESAPAREGUT LES FOSSES COMUNES QUE SEGUEIXEN:

 +++ ID: (1049)
(Asc\303\263)
(Ribera d'Ebre)
(Castell d'Asc\303\263)
null


(BROSSA?)
