
Hi han... 1
Fosses afegides!

NOU TOTAL DE FOSSES: 1007

!!! NOVA fossa ID: (1094)
(Fontllonga)
(Noguera)

 FOSSA ID: (6)

/tipologia_inhumats
(Civil)
(Civil, Soldat republic\303\240)

/context_defunci_
(Repressi\303\263 franquista)
(Repressi\303\263 rereguarda)

/:version
(rv-jbzz_6x4t.qw5p)
(rv-dzv4-ny99_6tgb)

/:updated_at
(2025-10-15T12:01:57.426Z)
(2025-02-18T09:01:14.962Z)

/titol
(Prat de Ton d'Iguan / Prat de Giranto)
(Val\303\250ncia d'Aneu: Prat de Ton d'Aiguan)





 FOSSA ID: (599)

/x
(0.637231683)
(0.637231683000)

/:version
(rv-7md4.y4ek-7xd5)
(rv-24m8~5vpv.mn79)

/:updated_at
(2025-10-15T09:35:22.005Z)
(2025-02-18T09:06:07.508Z)

/y
(41.320512024)
(41.320512024000)






(BROSSA?)
-dict-
