

El NOMBRE TOTAL DE FOSSES ES IDENTIC: 1006

 FOSSA ID: (143)

/:version
(rv-a9yn.hnak.5d26)
(rv-v3ss.cyue~bfkj)

/:updated_at
(2025-09-09T06:53:22.803Z)
(2025-03-12T10:13:59.336Z)





 FOSSA ID: (29)

/:version
(rv-qnrg.ba5m.k4qh)
(rv-869k~c49x~is35)

/:updated_at
(2025-09-09T11:03:44.955Z)
(2025-02-18T09:01:32.578Z)





 FOSSA ID: (704)

/:version
(rv-d5yd-xkef.w9kx)
(rv-gdsf_ertu_qsrx)

/:updated_at
(2025-09-15T11:33:35.374Z)
(2025-02-18T09:06:53.666Z)

/titol
(Cementiri de Tarragona. Fossa del Cementiri neutre. V\303\255ctimes de la repressi\303\263 franquista.)
(Cementiri de Tarragona. Fossa 3 repressi\303\263 franquista)

/mida
(25-31)
(9)





 FOSSA ID: (27)

/:version
(rv-mum7_m3ga_a7av)
(rv-hjhi.db7q~w983)

/:updated_at
(2025-09-15T11:35:18.857Z)
(2025-07-24T11:43:56.243Z)




