

El NOMBRE TOTAL DE FOSSES ES IDENTIC: 1007

 FOSSA ID: (91)

/:version
(rv-zibg.bs4n-fh4w)
(rv-dvgg~kt86.q4gq)

/:updated_at
(2025-11-10T11:17:45.959Z)
(2025-02-18T09:02:08.701Z)





 FOSSA ID: (813)

/:version
(rv-wkwj_8n8q.zw8f)
(rv-99pn.uztm~33pz)

/:updated_at
(2025-11-10T11:17:47.032Z)
(2025-02-18T09:07:43.464Z)

/titol
(Cementiri de Lleida. Departament de Sant Miquel. Traslladada al Valle de Cuelgamuros)
(Cementiri de Lleida. Departament de Sant Miquel. Traslladada al Valle de los Ca\303\255dos)





 FOSSA ID: (814)

/:version
(rv-bpxw-jjyt-4js4)
(rv-9gav.ieif~i79w)

/:updated_at
(2025-11-10T11:17:48.691Z)
(2025-02-18T09:07:43.926Z)





 FOSSA ID: (27)

/:version
(rv-mbaq_pjr5-2n8e)
(rv-mum7_m3ga_a7av)

/:updated_at
(2025-11-09T19:35:45.524Z)
(2025-09-15T11:35:18.857Z)





 FOSSA ID: (93)

/:version
(rv-ug39~k67m~ejct)
(rv-8a8n-bwr2.d66h)

/:updated_at
(2025-11-10T11:17:46.552Z)
(2025-07-24T11:44:00.430Z)




