

El NOMBRE TOTAL DE FOSSES ES IDENTIC: 1011

 FOSSA ID: (53)
(Almatret)
(Segri\303\240)
(Mas Redons de Tarrag\303\263)

/conservaci_
(Excavada)
(Es desconeix)

/:version
(rv-fw3b.gm32-aq45)
(rv-kwy3~a9k2.sneg)

/:updated_at
(2026-02-20T14:03:16.680Z)
(2025-02-18T09:01:48.913Z)





 FOSSA ID: (110)
(Sant Joan de Vilatorrada)
(Bages)
(Cam\303\255 de les Torres)

/x
(1.8055433)
(1.805543300000)

/conservaci_
(Excavada)
(Existent)

/:version
(rv-2fd3_s97k.3whr)
(rv-rnbj~wiw3-tq96)

/:updated_at
(2026-02-20T14:03:17.244Z)
(2025-02-18T09:02:18.522Z)

/y
(41.7454941)
(41.745494100000)





 FOSSA ID: (165)
(Isona i Conca Dell\303\240 - Sant Rom\303\240 d'Abella)
(Pallars Juss\303\240 - Pallars Juss\303\240)
(A tocar del cementiri de Sant Rom\303\240 d'Abella)

/:version
(rv-6tih.7va4~kpbm)
(rv-35di~pkyr_mffs)

/:updated_at
(2026-02-20T14:03:18.801Z)
(2025-02-18T09:02:46.801Z)





 FOSSA ID: (538)
(Bellaguarda)
(Garrigues)
(Exterior del cementiri de Bellaguarda)

/x
(0.746749467)
(0.746749467000)

/:version
(rv-zb4m.a7qh~fnsc)
(rv-qgcj_y7f5~k4ic)

/:updated_at
(2026-02-20T14:03:29.033Z)
(2025-02-18T09:05:39.628Z)

/y
(41.335480867)
(41.335480867000)





 FOSSA ID: (334)
(Sant Rom\303\240 d'Abella)
(Pallars Juss\303\240)
(La Carrerada)

/:version
(rv-whj2_yukg.aeff)
(rv-t87s~viii~j383)

/:updated_at
(2026-02-20T14:03:21.874Z)
(2025-02-18T09:04:02.453Z)





 FOSSA ID: (273)
(Sant Rom\303\240 d'Abella)
(Pallars Juss\303\240)
(Prat del Cerni)

/:version
(rv-6qyj_gs5n.d3j3)
(rv-759f-e7rm-e6k2)

/:updated_at
(2026-02-20T14:03:19.338Z)
(2025-02-18T09:03:35.872Z)





 FOSSA ID: (321)
(Almatret)
(Segri\303\240)
(Toll de Carlos)

/conservaci_
(Excavada sense resultat)
(Es desconeix)

/:version
(rv-a82d-imdd-ftm4)
(rv-c36t~f65c-83z2)

/:updated_at
(2026-02-20T14:03:21.031Z)
(2025-02-18T09:03:56.566Z)





 FOSSA ID: (324)
(Soses)
(Segri\303\240)
(Cami del Rei)

/:version
(rv-fthv-8m94_auuk)
(rv-4e94-u6wv_havv)

/:updated_at
(2026-02-20T14:03:21.429Z)
(2025-07-24T11:44:09.478Z)





 FOSSA ID: (749)
(Corbera d'Ebre)
(Terra Alta)
(Mas de la Pila)

/:version
(rv-mshf_p2sm_65jt)
(rv-qamz~bjaj~aq5k)

/:updated_at
(2026-02-20T14:03:31.208Z)
(2025-02-18T09:07:13.864Z)





 FOSSA ID: (433)
(M\303\263ra la Nova)
(Ribera d'Ebre)
(Caseta de peons ferroviaris)

/conservaci_
(Excavada sense resultat)
(Es desconeix)

/:version
(rv-vytr~j68e~5qsg)
(rv-jrbd-9cjr~it3k)

/:updated_at
(2026-02-20T14:03:27.514Z)
(2025-02-18T09:04:48.779Z)





 FOSSA ID: (423)
(M\303\263ra d'Ebre)
(Ribera d'Ebre)
(Les Solanes)

/x
(0.588353)
(0.588353000000)

/conservaci_
(Excavada sense resultat)
(Es desconeix)

/:version
(rv-4uxb~757r~whhk)
(rv-6vez~er5c_fm8u)

/:updated_at
(2026-02-20T14:03:26.942Z)
(2025-02-18T09:04:44.145Z)

/y
(41.103451)
(41.103451000000)





 FOSSA ID: (578)
(Bellaguarda)
(Garrigues)
(Fossa dels brigadistes)

/:version
(rv-w3ke.5urp~6c44)
(rv-tgwz~r8ix.wpar)

/:updated_at
(2026-02-20T14:03:30.499Z)
(2025-02-18T09:05:58.052Z)





 FOSSA ID: (647)
(Garrig\303\240s)
(Alt Empord\303\240)
(Cementiri de Garrig\303\240s)

/conservaci_
(Excavada sense resultat)
(Existent)

/:version
(rv-ekqt~cw8i_gvhp)
(rv-eypc~fz9e.3tic)

/:updated_at
(2026-02-20T14:03:30.843Z)
(2025-02-18T09:06:29.354Z)





 FOSSA ID: (1025)
(Almatret)
(Segri\303\240)
(Valldolcets)

/:version
(rv-e4hc.wdip~rgc2)
(rv-mf5x-7ixy_diga)

/:updated_at
(2026-02-20T14:03:33.177Z)
(2025-07-24T11:44:40.537Z)





 FOSSA ID: (889)
null
null
(Cementiri de Castellfollit de la Roca. Traslladada a Cuelgamuros)

/municipi
null
(Castellfollit de la Roca)

/comarca
null
(Garrotxa)

/:@computed_region_bh64_c7uy
null
(276)





 FOSSA ID: (1048)
(La Baronia de Rialb)
(Noguera)
(La Serreta)

/:version
(rv-rzcx_uzmk_9f48)
(rv-dpn8~cp6g_4cf9)

/:updated_at
(2026-02-20T14:03:35.213Z)
(2025-03-25T07:58:03.356Z)





 FOSSA ID: (1028)
(Baldomar)
(Noguera)
(La Serra | Cam\303\255 de la Masia)

/:version
(rv-ej58.n7wb_2q69)
(rv-trhp_w2xs.xfrx)

/:updated_at
(2026-02-20T14:03:33.584Z)
(2025-02-18T09:09:24.214Z)





 FOSSA ID: (1018)
(Al\303\262s de Balaguer)
(Noguera)
(Les Trencades)

/:version
(rv-8kcn_cmck.g2p6)
(rv-wnze.shrz~7te7)

/:updated_at
(2026-02-20T14:03:32.809Z)
(2025-08-27T11:57:44.822Z)





 FOSSA ID: (1041)
(Bellaguarda)
(Garrigues)
(Coves del Vendrell)

/:version
(rv-bfgg-9wke~uxq9)
(rv-mvv9_6vpy~tcjv)

/:updated_at
(2026-02-20T14:03:33.947Z)
(2025-02-18T09:09:30.938Z)





 FOSSA ID: (1042)
(La Granadella)
(Garrigues)
(Mas del Flanxo)

/tipologia_inhumats
(Soldat republic\303\240)
()

/context_defunci_
(Mort en combat)
()

/:version
(rv-dg3w~he65-thmh)
(rv-gruj_zvms-m7ke)

/:updated_at
(2026-02-20T14:03:34.323Z)
(2025-02-18T09:09:30.938Z)





 FOSSA ID: (1044)
(Gurb)
(Osona)
(Palau)

/:version
(rv-nfz4~dxmg~9gkr)
(rv-wxgy_52fb_syps)

/:updated_at
(2026-02-20T14:03:34.672Z)
(2026-01-22T11:00:37.480Z)




